<?xml version="1.0" encoding="UTF-8"?>
<testng-results ignored="0" total="1" passed="1" failed="0" skipped="0">
  <reporter-output>
    <line>
      <![CDATA[Stock-000000740   Stock-000000740]]>
    </line>
  </reporter-output>
  <suite started-at="2024-02-26T11:44:57 IST" name="Default suite" finished-at="2024-02-26T11:45:19 IST" duration-ms="22134">
    <groups>
    </groups>
    <test started-at="2024-02-26T11:44:57 IST" name="Default test" finished-at="2024-02-26T11:45:19 IST" duration-ms="22134">
      <class name="driverFactory.AppTest">
        <test-method signature="kickStart()[pri:0, instance:driverFactory.AppTest@273e7444]" started-at="2024-02-26T11:44:57 IST" name="kickStart" finished-at="2024-02-26T11:45:19 IST" duration-ms="22079" status="PASS">
          <reporter-output>
            <line>
              <![CDATA[Stock-000000740   Stock-000000740]]>
            </line>
          </reporter-output>
        </test-method> <!-- kickStart -->
      </class> <!-- driverFactory.AppTest -->
    </test> <!-- Default test -->
  </suite> <!-- Default suite -->
</testng-results>
